<?xml version="1.0" encoding="UTF-8"?>
<testsuite name="SerializationTests" tests="1" skipped="0" failures="0" errors="0" timestamp="2023-07-30T22:05:10" hostname="ASUS-NIKLAS-202" time="0.041">
  <properties/>
  <testcase name="serialize()" classname="SerializationTests" time="0.041"/>
  <system-out><![CDATA[]]></system-out>
  <system-err><![CDATA[]]></system-err>
</testsuite>
